<?xml version="1.0" encoding="UTF-8"?>
<!-- Generated by org.testng.reporters.JUnitReportReporter -->
<testsuite hostname="murari" failures="0" tests="3" name="Automation_ci_cd_pipeline.ci_cd_pipeline_coding.TestClass" time="4.453" errors="0" timestamp="2024-06-08T10:31:30 IST" skipped="0">
  <testcase classname="Automation_ci_cd_pipeline.ci_cd_pipeline_coding.TestClass" name="test3" time="3.265"/>
  <system-out/>
  <testcase classname="Automation_ci_cd_pipeline.ci_cd_pipeline_coding.TestClass" name="test1" time="0.586"/>
  <system-out/>
  <testcase classname="Automation_ci_cd_pipeline.ci_cd_pipeline_coding.TestClass" name="test2" time="0.602"/>
  <system-out/>
</testsuite> <!-- Automation_ci_cd_pipeline.ci_cd_pipeline_coding.TestClass -->
