<?xml version="1.0" encoding="UTF-8"?>
<!-- Generated by org.testng.reporters.JUnitReportReporter -->
<testsuite hostname="murari" failures="0" tests="3" name="Automation_ci_cd_pipeline.ci_cd_pipeline_coding.TestClass" time="2.473" errors="0" timestamp="2024-06-08T12:01:36 IST" skipped="0">
  <testcase classname="Automation_ci_cd_pipeline.ci_cd_pipeline_coding.TestClass" name="test1" time="1.187"/>
  <system-out/>
  <testcase classname="Automation_ci_cd_pipeline.ci_cd_pipeline_coding.TestClass" name="test2" time="0.685"/>
  <system-out/>
  <testcase classname="Automation_ci_cd_pipeline.ci_cd_pipeline_coding.TestClass" name="test3" time="0.601"/>
  <system-out/>
</testsuite> <!-- Automation_ci_cd_pipeline.ci_cd_pipeline_coding.TestClass -->
